<?xml version="1.0" encoding="UTF-8"?>
<testsuite xmlns:xsi="http://www.w3.org/2001/XMLSchema-instance" xsi:noNamespaceSchemaLocation="https://maven.apache.org/surefire/maven-surefire-plugin/xsd/surefire-test-report.xsd" name="guru.sfg.brewery.controllers.BeerControllerTest" time="1.797" tests="6" errors="0" skipped="0" failures="0">
  <properties>
[...]
</properties>
  <testcase name="getBeerById" classname="guru.sfg.brewery.controllers.BeerControllerTest" time="1.35"/>
  <testcase name="testBeerStyle" classname="guru.sfg.brewery.controllers.BeerControllerTest$TestListOperations" time="0.169"/>
  <testcase name="testPageSizeParam" classname="guru.sfg.brewery.controllers.BeerControllerTest$TestListOperations" time="0.071"/>
  <testcase name="testBeerNameParam" classname="guru.sfg.brewery.controllers.BeerControllerTest$TestListOperations" time="0.083"/>
  <testcase name="testNoParams" classname="guru.sfg.brewery.controllers.BeerControllerTest$TestListOperations" time="0.062"/>
  <testcase name="testPageParam" classname="guru.sfg.brewery.controllers.BeerControllerTest$TestListOperations" time="0.033"/>
</testsuite>