<?xml version="1.0" encoding="UTF-8"?>
<testsuite xmlns:xsi="http://www.w3.org/2001/XMLSchema-instance" xsi:noNamespaceSchemaLocation="https://maven.apache.org/surefire/maven-surefire-plugin/xsd/surefire-test-report.xsd" name="guru.sfg.brewery.web.controllers.BeerOrderControllerTest" time="0.125" tests="4" errors="0" skipped="0" failures="0">
  <properties>
[...]
</properties>
  <testcase name="placeOrder" classname="guru.sfg.brewery.web.controllers.BeerOrderControllerTest" time="0.036"/>
  <testcase name="pickupOrder" classname="guru.sfg.brewery.web.controllers.BeerOrderControllerTest" time="0.031"/>
  <testcase name="listOrders" classname="guru.sfg.brewery.web.controllers.BeerOrderControllerTest" time="0.016"/>
  <testcase name="getOrder" classname="guru.sfg.brewery.web.controllers.BeerOrderControllerTest" time="0.038"/>
</testsuite>